<?xml version="1.0" encoding="UTF-8"?>
<testsuite xmlns:xsi="http://www.w3.org/2001/XMLSchema-instance" xsi:noNamespaceSchemaLocation="https://maven.apache.org/surefire/maven-surefire-plugin/xsd/surefire-test-report-3.0.xsd" version="3.0" name="TestSuite" time="21.711" tests="10" errors="0" skipped="8" failures="2">
  <properties>
    <property name="gopherProxySet" value="false"/>
    <property name="awt.toolkit" value="sun.lwawt.macosx.LWCToolkit"/>
    <property name="file.encoding.pkg" value="sun.io"/>
    <property name="java.specification.version" value="1.8"/>
    <property name="sun.cpu.isalist" value=""/>
    <property name="sun.jnu.encoding" value="UTF-8"/>
    <property name="java.class.path" value="/Users/mohamedmusthaque/Documents/FYP/Project/ai-task-allocation-engine-bpmns/iwtoa-qa/target/test-classes:/Users/mohamedmusthaque/Documents/FYP/Project/ai-task-allocation-engine-bpmns/iwtoa-qa/target/classes:/Users/mohamedmusthaque/.m2/repository/org/testng/testng/6.14.3/testng-6.14.3.jar:/Users/mohamedmusthaque/.m2/repository/com/beust/jcommander/1.72/jcommander-1.72.jar:/Users/mohamedmusthaque/.m2/repository/org/apache-extras/beanshell/bsh/2.0b6/bsh-2.0b6.jar:/Users/mohamedmusthaque/.m2/repository/org/seleniumhq/selenium/selenium-java/3.141.59/selenium-java-3.141.59.jar:/Users/mohamedmusthaque/.m2/repository/org/seleniumhq/selenium/selenium-api/3.141.59/selenium-api-3.141.59.jar:/Users/mohamedmusthaque/.m2/repository/org/seleniumhq/selenium/selenium-chrome-driver/3.141.59/selenium-chrome-driver-3.141.59.jar:/Users/mohamedmusthaque/.m2/repository/org/seleniumhq/selenium/selenium-edge-driver/3.141.59/selenium-edge-driver-3.141.59.jar:/Users/mohamedmusthaque/.m2/repository/org/seleniumhq/selenium/selenium-firefox-driver/3.141.59/selenium-firefox-driver-3.141.59.jar:/Users/mohamedmusthaque/.m2/repository/org/seleniumhq/selenium/selenium-ie-driver/3.141.59/selenium-ie-driver-3.141.59.jar:/Users/mohamedmusthaque/.m2/repository/org/seleniumhq/selenium/selenium-opera-driver/3.141.59/selenium-opera-driver-3.141.59.jar:/Users/mohamedmusthaque/.m2/repository/org/seleniumhq/selenium/selenium-remote-driver/3.141.59/selenium-remote-driver-3.141.59.jar:/Users/mohamedmusthaque/.m2/repository/org/seleniumhq/selenium/selenium-safari-driver/3.141.59/selenium-safari-driver-3.141.59.jar:/Users/mohamedmusthaque/.m2/repository/org/seleniumhq/selenium/selenium-support/3.141.59/selenium-support-3.141.59.jar:/Users/mohamedmusthaque/.m2/repository/net/bytebuddy/byte-buddy/1.8.15/byte-buddy-1.8.15.jar:/Users/mohamedmusthaque/.m2/repository/org/apache/commons/commons-exec/1.3/commons-exec-1.3.jar:/Users/mohamedmusthaque/.m2/repository/com/google/guava/guava/25.0-jre/guava-25.0-jre.jar:/Users/mohamedmusthaque/.m2/repository/com/google/code/findbugs/jsr305/1.3.9/jsr305-1.3.9.jar:/Users/mohamedmusthaque/.m2/repository/org/checkerframework/checker-compat-qual/2.0.0/checker-compat-qual-2.0.0.jar:/Users/mohamedmusthaque/.m2/repository/com/google/errorprone/error_prone_annotations/2.1.3/error_prone_annotations-2.1.3.jar:/Users/mohamedmusthaque/.m2/repository/com/google/j2objc/j2objc-annotations/1.1/j2objc-annotations-1.1.jar:/Users/mohamedmusthaque/.m2/repository/org/codehaus/mojo/animal-sniffer-annotations/1.14/animal-sniffer-annotations-1.14.jar:/Users/mohamedmusthaque/.m2/repository/com/squareup/okhttp3/okhttp/3.11.0/okhttp-3.11.0.jar:/Users/mohamedmusthaque/.m2/repository/com/squareup/okio/okio/1.14.0/okio-1.14.0.jar:/Users/mohamedmusthaque/.m2/repository/com/aventstack/extentreports/4.0.9/extentreports-4.0.9.jar:/Users/mohamedmusthaque/.m2/repository/org/freemarker/freemarker/2.3.23/freemarker-2.3.23.jar:/Users/mohamedmusthaque/.m2/repository/org/mongodb/mongodb-driver/3.3.0/mongodb-driver-3.3.0.jar:/Users/mohamedmusthaque/.m2/repository/org/mongodb/mongodb-driver-core/3.3.0/mongodb-driver-core-3.3.0.jar:/Users/mohamedmusthaque/.m2/repository/org/mongodb/bson/3.3.0/bson-3.3.0.jar:/Users/mohamedmusthaque/.m2/repository/org/apache/httpcomponents/httpclient/4.5.2/httpclient-4.5.2.jar:/Users/mohamedmusthaque/.m2/repository/org/apache/httpcomponents/httpcore/4.4.4/httpcore-4.4.4.jar:/Users/mohamedmusthaque/.m2/repository/commons-logging/commons-logging/1.2/commons-logging-1.2.jar:/Users/mohamedmusthaque/.m2/repository/commons-codec/commons-codec/1.9/commons-codec-1.9.jar:/Users/mohamedmusthaque/.m2/repository/org/apache/httpcomponents/httpmime/4.5.2/httpmime-4.5.2.jar:/Users/mohamedmusthaque/.m2/repository/com/google/code/gson/gson/2.8.5/gson-2.8.5.jar:/Users/mohamedmusthaque/.m2/repository/org/apache/commons/commons-email/1.5/commons-email-1.5.jar:/Users/mohamedmusthaque/.m2/repository/com/sun/mail/javax.mail/1.5.6/javax.mail-1.5.6.jar:/Users/mohamedmusthaque/.m2/repository/javax/activation/activation/1.1.1/activation-1.1.1.jar:"/>
    <property name="java.vm.vendor" value="BellSoft"/>
    <property name="sun.arch.data.model" value="64"/>
    <property name="java.vendor.url" value="https://bell-sw.com/"/>
    <property name="user.timezone" value=""/>
    <property name="java.vm.specification.version" value="1.8"/>
    <property name="os.name" value="Mac OS X"/>
    <property name="user.country" value="LK"/>
    <property name="sun.java.launcher" value="SUN_STANDARD"/>
    <property name="sun.boot.library.path" value="/Users/mohamedmusthaque/.sdkman/candidates/java/8.0.242-librca/jre/lib"/>
    <property name="sun.java.command" value="/Users/mohamedmusthaque/Documents/FYP/Project/ai-task-allocation-engine-bpmns/iwtoa-qa/target/surefire/surefirebooter1235984254256368528.jar /Users/mohamedmusthaque/Documents/FYP/Project/ai-task-allocation-engine-bpmns/iwtoa-qa/target/surefire 2020-05-22T04-18-35_302-jvmRun1 surefire5134964839631899895tmp surefire_01217449160664332786tmp"/>
    <property name="http.nonProxyHosts" value="local|*.local|169.254/16|*.169.254/16"/>
    <property name="surefire.test.class.path" value="/Users/mohamedmusthaque/Documents/FYP/Project/ai-task-allocation-engine-bpmns/iwtoa-qa/target/test-classes:/Users/mohamedmusthaque/Documents/FYP/Project/ai-task-allocation-engine-bpmns/iwtoa-qa/target/classes:/Users/mohamedmusthaque/.m2/repository/org/testng/testng/6.14.3/testng-6.14.3.jar:/Users/mohamedmusthaque/.m2/repository/com/beust/jcommander/1.72/jcommander-1.72.jar:/Users/mohamedmusthaque/.m2/repository/org/apache-extras/beanshell/bsh/2.0b6/bsh-2.0b6.jar:/Users/mohamedmusthaque/.m2/repository/org/seleniumhq/selenium/selenium-java/3.141.59/selenium-java-3.141.59.jar:/Users/mohamedmusthaque/.m2/repository/org/seleniumhq/selenium/selenium-api/3.141.59/selenium-api-3.141.59.jar:/Users/mohamedmusthaque/.m2/repository/org/seleniumhq/selenium/selenium-chrome-driver/3.141.59/selenium-chrome-driver-3.141.59.jar:/Users/mohamedmusthaque/.m2/repository/org/seleniumhq/selenium/selenium-edge-driver/3.141.59/selenium-edge-driver-3.141.59.jar:/Users/mohamedmusthaque/.m2/repository/org/seleniumhq/selenium/selenium-firefox-driver/3.141.59/selenium-firefox-driver-3.141.59.jar:/Users/mohamedmusthaque/.m2/repository/org/seleniumhq/selenium/selenium-ie-driver/3.141.59/selenium-ie-driver-3.141.59.jar:/Users/mohamedmusthaque/.m2/repository/org/seleniumhq/selenium/selenium-opera-driver/3.141.59/selenium-opera-driver-3.141.59.jar:/Users/mohamedmusthaque/.m2/repository/org/seleniumhq/selenium/selenium-remote-driver/3.141.59/selenium-remote-driver-3.141.59.jar:/Users/mohamedmusthaque/.m2/repository/org/seleniumhq/selenium/selenium-safari-driver/3.141.59/selenium-safari-driver-3.141.59.jar:/Users/mohamedmusthaque/.m2/repository/org/seleniumhq/selenium/selenium-support/3.141.59/selenium-support-3.141.59.jar:/Users/mohamedmusthaque/.m2/repository/net/bytebuddy/byte-buddy/1.8.15/byte-buddy-1.8.15.jar:/Users/mohamedmusthaque/.m2/repository/org/apache/commons/commons-exec/1.3/commons-exec-1.3.jar:/Users/mohamedmusthaque/.m2/repository/com/google/guava/guava/25.0-jre/guava-25.0-jre.jar:/Users/mohamedmusthaque/.m2/repository/com/google/code/findbugs/jsr305/1.3.9/jsr305-1.3.9.jar:/Users/mohamedmusthaque/.m2/repository/org/checkerframework/checker-compat-qual/2.0.0/checker-compat-qual-2.0.0.jar:/Users/mohamedmusthaque/.m2/repository/com/google/errorprone/error_prone_annotations/2.1.3/error_prone_annotations-2.1.3.jar:/Users/mohamedmusthaque/.m2/repository/com/google/j2objc/j2objc-annotations/1.1/j2objc-annotations-1.1.jar:/Users/mohamedmusthaque/.m2/repository/org/codehaus/mojo/animal-sniffer-annotations/1.14/animal-sniffer-annotations-1.14.jar:/Users/mohamedmusthaque/.m2/repository/com/squareup/okhttp3/okhttp/3.11.0/okhttp-3.11.0.jar:/Users/mohamedmusthaque/.m2/repository/com/squareup/okio/okio/1.14.0/okio-1.14.0.jar:/Users/mohamedmusthaque/.m2/repository/com/aventstack/extentreports/4.0.9/extentreports-4.0.9.jar:/Users/mohamedmusthaque/.m2/repository/org/freemarker/freemarker/2.3.23/freemarker-2.3.23.jar:/Users/mohamedmusthaque/.m2/repository/org/mongodb/mongodb-driver/3.3.0/mongodb-driver-3.3.0.jar:/Users/mohamedmusthaque/.m2/repository/org/mongodb/mongodb-driver-core/3.3.0/mongodb-driver-core-3.3.0.jar:/Users/mohamedmusthaque/.m2/repository/org/mongodb/bson/3.3.0/bson-3.3.0.jar:/Users/mohamedmusthaque/.m2/repository/org/apache/httpcomponents/httpclient/4.5.2/httpclient-4.5.2.jar:/Users/mohamedmusthaque/.m2/repository/org/apache/httpcomponents/httpcore/4.4.4/httpcore-4.4.4.jar:/Users/mohamedmusthaque/.m2/repository/commons-logging/commons-logging/1.2/commons-logging-1.2.jar:/Users/mohamedmusthaque/.m2/repository/commons-codec/commons-codec/1.9/commons-codec-1.9.jar:/Users/mohamedmusthaque/.m2/repository/org/apache/httpcomponents/httpmime/4.5.2/httpmime-4.5.2.jar:/Users/mohamedmusthaque/.m2/repository/com/google/code/gson/gson/2.8.5/gson-2.8.5.jar:/Users/mohamedmusthaque/.m2/repository/org/apache/commons/commons-email/1.5/commons-email-1.5.jar:/Users/mohamedmusthaque/.m2/repository/com/sun/mail/javax.mail/1.5.6/javax.mail-1.5.6.jar:/Users/mohamedmusthaque/.m2/repository/javax/activation/activation/1.1.1/activation-1.1.1.jar:"/>
    <property name="sun.cpu.endian" value="little"/>
    <property name="user.home" value="/Users/mohamedmusthaque"/>
    <property name="user.language" value="en"/>
    <property name="java.specification.vendor" value="Oracle Corporation"/>
    <property name="java.home" value="/Users/mohamedmusthaque/.sdkman/candidates/java/8.0.242-librca/jre"/>
    <property name="basedir" value="/Users/mohamedmusthaque/Documents/FYP/Project/ai-task-allocation-engine-bpmns/iwtoa-qa"/>
    <property name="file.separator" value="/"/>
    <property name="line.separator" value="&#10;"/>
    <property name="java.vm.specification.vendor" value="Oracle Corporation"/>
    <property name="java.specification.name" value="Java Platform API Specification"/>
    <property name="java.awt.graphicsenv" value="sun.awt.CGraphicsEnvironment"/>
    <property name="surefire.real.class.path" value="/Users/mohamedmusthaque/Documents/FYP/Project/ai-task-allocation-engine-bpmns/iwtoa-qa/target/surefire/surefirebooter1235984254256368528.jar"/>
    <property name="sun.boot.class.path" value="/Users/mohamedmusthaque/.sdkman/candidates/java/8.0.242-librca/jre/lib/resources.jar:/Users/mohamedmusthaque/.sdkman/candidates/java/8.0.242-librca/jre/lib/rt.jar:/Users/mohamedmusthaque/.sdkman/candidates/java/8.0.242-librca/jre/lib/sunrsasign.jar:/Users/mohamedmusthaque/.sdkman/candidates/java/8.0.242-librca/jre/lib/jsse.jar:/Users/mohamedmusthaque/.sdkman/candidates/java/8.0.242-librca/jre/lib/jce.jar:/Users/mohamedmusthaque/.sdkman/candidates/java/8.0.242-librca/jre/lib/charsets.jar:/Users/mohamedmusthaque/.sdkman/candidates/java/8.0.242-librca/jre/lib/jfr.jar:/Users/mohamedmusthaque/.sdkman/candidates/java/8.0.242-librca/jre/classes"/>
    <property name="sun.management.compiler" value="HotSpot 64-Bit Tiered Compilers"/>
    <property name="ftp.nonProxyHosts" value="local|*.local|169.254/16|*.169.254/16"/>
    <property name="java.runtime.version" value="1.8.0_242-b07"/>
    <property name="user.name" value="mohamedmusthaque"/>
    <property name="path.separator" value=":"/>
    <property name="os.version" value="10.15.4"/>
    <property name="java.endorsed.dirs" value="/Users/mohamedmusthaque/.sdkman/candidates/java/8.0.242-librca/jre/lib/endorsed"/>
    <property name="java.runtime.name" value="OpenJDK Runtime Environment"/>
    <property name="file.encoding" value="UTF-8"/>
    <property name="java.vm.name" value="OpenJDK 64-Bit Server VM"/>
    <property name="localRepository" value="/Users/mohamedmusthaque/.m2/repository"/>
    <property name="java.vendor.url.bug" value="https://bell-sw.com/support"/>
    <property name="java.io.tmpdir" value="/var/folders/2k/dc9lw31d4fj48975kwh4wd5c0000gn/T/"/>
    <property name="java.version" value="1.8.0_242"/>
    <property name="user.dir" value="/Users/mohamedmusthaque/Documents/FYP/Project/ai-task-allocation-engine-bpmns/iwtoa-qa"/>
    <property name="os.arch" value="x86_64"/>
    <property name="java.vm.specification.name" value="Java Virtual Machine Specification"/>
    <property name="java.awt.printerjob" value="sun.lwawt.macosx.CPrinterJob"/>
    <property name="sun.os.patch.level" value="unknown"/>
    <property name="java.library.path" value="/Users/mohamedmusthaque/Library/Java/Extensions:/Library/Java/Extensions:/Network/Library/Java/Extensions:/System/Library/Java/Extensions:/usr/lib/java:."/>
    <property name="java.vm.info" value="mixed mode"/>
    <property name="java.vendor" value="BellSoft"/>
    <property name="java.vm.version" value="25.242-b07"/>
    <property name="java.ext.dirs" value="/Users/mohamedmusthaque/Library/Java/Extensions:/Users/mohamedmusthaque/.sdkman/candidates/java/8.0.242-librca/jre/lib/ext:/Library/Java/Extensions:/Network/Library/Java/Extensions:/System/Library/Java/Extensions:/usr/lib/java"/>
    <property name="sun.io.unicode.encoding" value="UnicodeBig"/>
    <property name="java.class.version" value="52.0"/>
    <property name="socksNonProxyHosts" value="local|*.local|169.254/16|*.169.254/16"/>
  </properties>
  <testcase name="setup" classname="testcases.TenentDetailsPageTest" time="6.487">
    <failure message="Could not start a new session. Possible causes are invalid address of the remote server or browser start-up failure.&#10;Build info: version: &apos;3.141.59&apos;, revision: &apos;e82be7d358&apos;, time: &apos;2018-11-14T08:17:03&apos;&#10;System info: host: &apos;Mohameds-MacBook-Pro.local&apos;, ip: &apos;192.168.8.104&apos;, os.name: &apos;Mac OS X&apos;, os.arch: &apos;x86_64&apos;, os.version: &apos;10.15.4&apos;, java.version: &apos;1.8.0_242&apos;&#10;Driver info: driver.version: RemoteWebDriver" type="org.openqa.selenium.remote.UnreachableBrowserException">org.openqa.selenium.remote.UnreachableBrowserException: 
Could not start a new session. Possible causes are invalid address of the remote server or browser start-up failure.
Build info: version: '3.141.59', revision: 'e82be7d358', time: '2018-11-14T08:17:03'
System info: host: 'Mohameds-MacBook-Pro.local', ip: '192.168.8.104', os.name: 'Mac OS X', os.arch: 'x86_64', os.version: '10.15.4', java.version: '1.8.0_242'
Driver info: driver.version: RemoteWebDriver
Caused by: java.net.ConnectException: Failed to connect to localhost/0:0:0:0:0:0:0:1:4444
Caused by: java.net.ConnectException: Connection refused (Connection refused)
</failure>
    <system-out><![CDATA[docker-url from config file : http://localhost:4444/wd/hub
app-url from config file : https://dpa-ui.labs.zaizicloud.net/
]]></system-out>
    <system-err><![CDATA[May 22, 2020 4:18:44 AM org.openqa.selenium.remote.DesiredCapabilities chrome
INFO: Using `new ChromeOptions()` is preferred to `DesiredCapabilities.chrome()`
]]></system-err>
  </testcase>
  <testcase name="setup" classname="testcases.TenentDetailsPageTest" time="0">
    <skipped/>
  </testcase>
  <testcase name="enter_valid_details" classname="testcases.TenentDetailsPageTest" time="0">
    <skipped message="Could not start a new session. Possible causes are invalid address of the remote server or browser start-up failure.&#10;Build info: version: &apos;3.141.59&apos;, revision: &apos;e82be7d358&apos;, time: &apos;2018-11-14T08:17:03&apos;&#10;System info: host: &apos;Mohameds-MacBook-Pro.local&apos;, ip: &apos;192.168.8.104&apos;, os.name: &apos;Mac OS X&apos;, os.arch: &apos;x86_64&apos;, os.version: &apos;10.15.4&apos;, java.version: &apos;1.8.0_242&apos;&#10;Driver info: driver.version: RemoteWebDriver"/>
  </testcase>
  <testcase name="afterMethod" classname="testcases.TenentDetailsPageTest" time="0">
    <skipped/>
  </testcase>
  <testcase name="afterMethod" classname="testcases.TenentDetailsPageTest" time="0">
    <skipped/>
  </testcase>
  <testcase name="beforeMethod" classname="testcases.TenentDetailsPageTest" time="0">
    <skipped/>
  </testcase>
  <testcase name="enter_invalid_details" classname="testcases.TenentDetailsPageTest" time="0">
    <skipped message="Could not start a new session. Possible causes are invalid address of the remote server or browser start-up failure.&#10;Build info: version: &apos;3.141.59&apos;, revision: &apos;e82be7d358&apos;, time: &apos;2018-11-14T08:17:03&apos;&#10;System info: host: &apos;Mohameds-MacBook-Pro.local&apos;, ip: &apos;192.168.8.104&apos;, os.name: &apos;Mac OS X&apos;, os.arch: &apos;x86_64&apos;, os.version: &apos;10.15.4&apos;, java.version: &apos;1.8.0_242&apos;&#10;Driver info: driver.version: RemoteWebDriver"/>
  </testcase>
  <testcase name="setup" classname="testcases.SearchAddressPageTest" time="6.51">
    <failure message="Could not start a new session. Possible causes are invalid address of the remote server or browser start-up failure.&#10;Build info: version: &apos;3.141.59&apos;, revision: &apos;e82be7d358&apos;, time: &apos;2018-11-14T08:17:03&apos;&#10;System info: host: &apos;Mohameds-MacBook-Pro.local&apos;, ip: &apos;192.168.8.104&apos;, os.name: &apos;Mac OS X&apos;, os.arch: &apos;x86_64&apos;, os.version: &apos;10.15.4&apos;, java.version: &apos;1.8.0_242&apos;&#10;Driver info: driver.version: RemoteWebDriver" type="org.openqa.selenium.remote.UnreachableBrowserException">org.openqa.selenium.remote.UnreachableBrowserException: 
Could not start a new session. Possible causes are invalid address of the remote server or browser start-up failure.
Build info: version: '3.141.59', revision: 'e82be7d358', time: '2018-11-14T08:17:03'
System info: host: 'Mohameds-MacBook-Pro.local', ip: '192.168.8.104', os.name: 'Mac OS X', os.arch: 'x86_64', os.version: '10.15.4', java.version: '1.8.0_242'
Driver info: driver.version: RemoteWebDriver
Caused by: java.net.ConnectException: Failed to connect to localhost/0:0:0:0:0:0:0:1:4444
Caused by: java.net.ConnectException: Connection refused (Connection refused)
</failure>
    <system-out><![CDATA[docker-url from config file : http://localhost:4444/wd/hub
app-url from config file : https://dpa-ui.labs.zaizicloud.net/
]]></system-out>
    <system-err><![CDATA[May 22, 2020 4:18:50 AM org.openqa.selenium.remote.DesiredCapabilities chrome
INFO: Using `new ChromeOptions()` is preferred to `DesiredCapabilities.chrome()`
]]></system-err>
  </testcase>
  <testcase name="select_address" classname="testcases.SearchAddressPageTest" time="0">
    <skipped message="Could not start a new session. Possible causes are invalid address of the remote server or browser start-up failure.&#10;Build info: version: &apos;3.141.59&apos;, revision: &apos;e82be7d358&apos;, time: &apos;2018-11-14T08:17:03&apos;&#10;System info: host: &apos;Mohameds-MacBook-Pro.local&apos;, ip: &apos;192.168.8.104&apos;, os.name: &apos;Mac OS X&apos;, os.arch: &apos;x86_64&apos;, os.version: &apos;10.15.4&apos;, java.version: &apos;1.8.0_242&apos;&#10;Driver info: driver.version: RemoteWebDriver"/>
  </testcase>
  <testcase name="afterMethod" classname="testcases.SearchAddressPageTest" time="0">
    <skipped/>
  </testcase>
</testsuite>